The system is: Windows - 10.0.22000 - AMD64
Compiling the C compiler identification source file "CMakeCCompilerId.c" succeeded.
Compiler: C:/Program Files (x86)/Microsoft Visual Studio/2019/Community/VC/Tools/MSVC/14.29.30133/bin/Hostx86/x86/cl.exe 
Build flags: 
Id flags:  

The output was:
0
Microsoft (R) Kompilator optymalizujący C/C++, wersja 19.29.30146 dla architektury x86
Copyright (C) Microsoft Corporation. Wszystkie prawa zastrzeżone.

CMakeCCompilerId.c
Microsoft (R) Incremental Linker Version 14.29.30146.0
Copyright (C) Microsoft Corporation.  All rights reserved.

/out:CMakeCCompilerId.exe 
CMakeCCompilerId.obj 


Compilation of the C compiler identification source "CMakeCCompilerId.c" produced "CMakeCCompilerId.exe"

Compilation of the C compiler identification source "CMakeCCompilerId.c" produced "CMakeCCompilerId.obj"

The C compiler identification is MSVC, found in "C:/Users/zolot/Desktop/Matma/z2/cmake-build-debug/CMakeFiles/3.25.0-rc1/CompilerIdC/CMakeCCompilerId.exe"

Compiling the CXX compiler identification source file "CMakeCXXCompilerId.cpp" succeeded.
Compiler: C:/Program Files (x86)/Microsoft Visual Studio/2019/Community/VC/Tools/MSVC/14.29.30133/bin/Hostx86/x86/cl.exe 
Build flags: 
Id flags:  

The output was:
0
Microsoft (R) Kompilator optymalizujący C/C++, wersja 19.29.30146 dla architektury x86
Copyright (C) Microsoft Corporation. Wszystkie prawa zastrzeżone.

CMakeCXXCompilerId.cpp
Microsoft (R) Incremental Linker Version 14.29.30146.0
Copyright (C) Microsoft Corporation.  All rights reserved.

/out:CMakeCXXCompilerId.exe 
CMakeCXXCompilerId.obj 


Compilation of the CXX compiler identification source "CMakeCXXCompilerId.cpp" produced "CMakeCXXCompilerId.exe"

Compilation of the CXX compiler identification source "CMakeCXXCompilerId.cpp" produced "CMakeCXXCompilerId.obj"

The CXX compiler identification is MSVC, found in "C:/Users/zolot/Desktop/Matma/z2/cmake-build-debug/CMakeFiles/3.25.0-rc1/CompilerIdCXX/CMakeCXXCompilerId.exe"

Detecting C compiler ABI info compiled with the following output:
Change Dir: C:/Users/zolot/Desktop/Matma/z2/cmake-build-debug/CMakeFiles/CMakeScratch/TryCompile-02eoo1

Run Build Command(s):nmake -f Makefile /nologo cmTC_f46c3\fast && 	"C:\Program Files (x86)\Microsoft Visual Studio\2019\Community\VC\Tools\MSVC\14.29.30133\bin\HostX86\x86\nmake.exe"  -f CMakeFiles\cmTC_f46c3.dir\build.make /nologo -L                  CMakeFiles\cmTC_f46c3.dir\build
Building C object CMakeFiles/cmTC_f46c3.dir/CMakeCCompilerABI.c.obj
	"C:\Program Files\CMake\bin\cmake.exe" -E cmake_cl_compile_depends --dep-file=CMakeFiles\cmTC_f46c3.dir\CMakeCCompilerABI.c.obj.d --working-dir=C:\Users\zolot\Desktop\Matma\z2\cmake-build-debug\CMakeFiles\CMakeScratch\TryCompile-02eoo1 --filter-prefix="Uwaga: w tym pliku:  " -- C:\PROGRA~2\MICROS~2\2019\COMMUN~1\VC\Tools\MSVC\1429~1.301\bin\Hostx86\x86\cl.exe @C:\Users\zolot\AppData\Local\Temp\nmBB91.tmp
CMakeCCompilerABI.c
Linking C executable cmTC_f46c3.exe
	"C:\Program Files\CMake\bin\cmake.exe" -E vs_link_exe --intdir=CMakeFiles\cmTC_f46c3.dir --rc=C:\PROGRA~2\WI3CF2~1\10\bin\100190~1.0\x86\rc.exe --mt=C:\PROGRA~2\WI3CF2~1\10\bin\100190~1.0\x86\mt.exe --manifests -- C:\PROGRA~2\MICROS~2\2019\COMMUN~1\VC\Tools\MSVC\1429~1.301\bin\Hostx86\x86\link.exe /nologo @CMakeFiles\cmTC_f46c3.dir\objects1 @C:\Users\zolot\AppData\Local\Temp\nmBCE9.tmp



Detecting CXX compiler ABI info compiled with the following output:
Change Dir: C:/Users/zolot/Desktop/Matma/z2/cmake-build-debug/CMakeFiles/CMakeScratch/TryCompile-ar542i

Run Build Command(s):nmake -f Makefile /nologo cmTC_cd010\fast && 	"C:\Program Files (x86)\Microsoft Visual Studio\2019\Community\VC\Tools\MSVC\14.29.30133\bin\HostX86\x86\nmake.exe"  -f CMakeFiles\cmTC_cd010.dir\build.make /nologo -L                  CMakeFiles\cmTC_cd010.dir\build
Building CXX object CMakeFiles/cmTC_cd010.dir/CMakeCXXCompilerABI.cpp.obj
	"C:\Program Files\CMake\bin\cmake.exe" -E cmake_cl_compile_depends --dep-file=CMakeFiles\cmTC_cd010.dir\CMakeCXXCompilerABI.cpp.obj.d --working-dir=C:\Users\zolot\Desktop\Matma\z2\cmake-build-debug\CMakeFiles\CMakeScratch\TryCompile-ar542i --filter-prefix="Uwaga: w tym pliku:  " -- C:\PROGRA~2\MICROS~2\2019\COMMUN~1\VC\Tools\MSVC\1429~1.301\bin\Hostx86\x86\cl.exe @C:\Users\zolot\AppData\Local\Temp\nmBEDC.tmp
CMakeCXXCompilerABI.cpp
Linking CXX executable cmTC_cd010.exe
	"C:\Program Files\CMake\bin\cmake.exe" -E vs_link_exe --intdir=CMakeFiles\cmTC_cd010.dir --rc=C:\PROGRA~2\WI3CF2~1\10\bin\100190~1.0\x86\rc.exe --mt=C:\PROGRA~2\WI3CF2~1\10\bin\100190~1.0\x86\mt.exe --manifests -- C:\PROGRA~2\MICROS~2\2019\COMMUN~1\VC\Tools\MSVC\1429~1.301\bin\Hostx86\x86\link.exe /nologo @CMakeFiles\cmTC_cd010.dir\objects1 @C:\Users\zolot\AppData\Local\Temp\nmBF2C.tmp



